TN:
SF:src/environment.ts
FNF:0
FNH:0
DA:2,1
DA:3,1
LF:2
LH:2
BRDA:4,0,0,1
BRDA:4,0,1,0
BRDA:5,1,0,1
BRDA:5,1,1,0
BRF:4
BRH:2
end_of_record
TN:
SF:src/config/cloudinary.config.ts
FNF:0
FNH:0
DA:4,1
DA:6,1
DA:12,1
LF:3
LH:3
BRDA:8,0,0,1
BRDA:8,0,1,0
BRDA:9,1,0,1
BRDA:9,1,1,0
BRF:4
BRH:2
end_of_record
TN:
SF:src/config/context.ts
FN:7,createContext
FNF:1
FNH:0
FNDA:0,createContext
DA:8,0
DA:9,0
DA:10,0
DA:11,0
DA:15,0
LF:5
LH:0
BRDA:10,0,0,0
BRF:1
BRH:0
end_of_record
TN:
SF:src/config/database.config.ts
FN:8,(anonymous_0)
FNF:1
FNH:0
FNDA:0,(anonymous_0)
DA:4,0
DA:6,0
DA:8,0
DA:9,0
DA:10,0
DA:12,0
DA:13,0
DA:14,0
DA:15,0
DA:17,0
DA:19,0
LF:11
LH:0
BRDA:6,0,0,0
BRDA:6,0,1,0
BRDA:9,1,0,0
BRDA:14,2,0,0
BRF:4
BRH:0
end_of_record
TN:
SF:src/config/firebase.config.ts
FNF:0
FNH:0
DA:7,1
DA:13,1
DA:18,0
DA:23,0
DA:25,1
DA:29,1
DA:30,1
DA:31,1
DA:34,1
DA:35,1
DA:39,1
DA:41,0
DA:42,0
DA:44,0
DA:45,0
DA:49,1
DA:50,1
LF:17
LH:11
BRDA:13,0,0,0
BRDA:13,0,1,1
BRDA:14,1,0,1
BRDA:14,1,1,0
BRDA:14,1,2,0
BRDA:41,2,0,0
BRDA:41,2,1,0
BRF:7
BRH:2
end_of_record
TN:
SF:src/config/helper.ts
FN:3,fetchRequest
FNF:1
FNH:0
FNDA:0,fetchRequest
DA:4,0
DA:5,0
DA:7,0
DA:8,0
DA:9,0
DA:11,0
DA:14,0
LF:7
LH:0
BRDA:5,0,0,0
BRDA:5,0,1,0
BRDA:7,1,0,0
BRDA:7,2,0,0
BRDA:7,2,1,0
BRDA:7,2,2,0
BRDA:8,3,0,0
BRDA:8,3,1,0
BRDA:8,4,0,0
BRDA:8,4,1,0
BRF:10
BRH:0
end_of_record
TN:
SF:src/config/multer.ts
FN:11,(anonymous_0)
FNF:1
FNH:0
FNDA:0,(anonymous_0)
DA:4,0
DA:6,0
DA:12,0
DA:13,0
DA:14,0
DA:16,0
LF:6
LH:0
BRDA:13,0,0,0
BRDA:13,0,1,0
BRF:2
BRH:0
end_of_record
TN:
SF:src/config/orpc.ts
FN:7,(anonymous_0)
FN:16,(anonymous_1)
FN:16,(anonymous_2)
FN:36,(anonymous_3)
FNF:4
FNH:1
FNDA:0,(anonymous_0)
FNDA:14,(anonymous_1)
FNDA:0,(anonymous_2)
FNDA:0,(anonymous_3)
DA:4,1
DA:5,1
DA:7,1
DA:8,0
DA:9,0
DA:11,0
DA:14,1
DA:15,1
DA:16,14
DA:17,0
DA:18,0
DA:21,0
DA:22,0
DA:23,0
DA:26,0
DA:27,0
DA:28,0
DA:35,0
DA:36,0
DA:37,0
DA:38,0
DA:40,0
LF:22
LH:6
BRDA:8,0,0,0
BRDA:17,1,0,0
BRDA:22,2,0,0
BRDA:27,3,0,0
BRDA:37,4,0,0
BRF:5
BRH:0
end_of_record
TN:
SF:src/config/password.config.ts
FN:5,(anonymous_0)
FN:9,(anonymous_1)
FNF:2
FNH:0
FNDA:0,(anonymous_0)
FNDA:0,(anonymous_1)
DA:3,1
DA:4,1
DA:5,1
DA:6,0
DA:9,1
DA:10,0
LF:6
LH:4
BRF:0
BRH:0
end_of_record
TN:
SF:src/controllers/auth.controller.ts
FN:12,(anonymous_0)
FN:30,(anonymous_1)
FN:44,(anonymous_2)
FNF:3
FNH:0
FNDA:0,(anonymous_0)
FNDA:0,(anonymous_1)
FNDA:0,(anonymous_2)
DA:13,0
DA:14,0
DA:15,0
DA:18,0
DA:19,0
DA:20,0
DA:23,0
DA:24,0
DA:31,0
DA:32,0
DA:33,0
DA:35,0
DA:41,0
DA:45,0
DA:46,0
DA:47,0
DA:48,0
DA:49,0
DA:54,0
DA:55,0
DA:59,0
DA:62,0
DA:63,0
DA:64,0
DA:70,0
LF:25
LH:0
BRDA:14,0,0,0
BRDA:19,1,0,0
BRDA:32,2,0,0
BRDA:48,3,0,0
BRDA:54,4,0,0
BRF:5
BRH:0
end_of_record
TN:
SF:src/controllers/board-collaborator.controller.ts
FN:11,(anonymous_0)
FN:87,(anonymous_1)
FN:129,(anonymous_2)
FN:160,(anonymous_3)
FNF:4
FNH:0
FNDA:0,(anonymous_0)
FNDA:0,(anonymous_1)
FNDA:0,(anonymous_2)
FNDA:0,(anonymous_3)
DA:9,1
DA:12,0
DA:13,0
DA:14,0
DA:15,0
DA:19,0
DA:20,0
DA:21,0
DA:25,0
DA:30,0
DA:31,0
DA:33,0
DA:34,0
DA:38,0
DA:39,0
DA:40,0
DA:44,0
DA:49,0
DA:50,0
DA:54,0
DA:62,0
DA:74,0
DA:79,0
DA:80,0
DA:82,0
DA:88,0
DA:89,0
DA:90,0
DA:91,0
DA:95,0
DA:96,0
DA:97,0
DA:101,0
DA:102,0
DA:103,0
DA:107,0
DA:112,0
DA:113,0
DA:116,0
DA:121,0
DA:122,0
DA:124,0
DA:130,0
DA:131,0
DA:132,0
DA:134,0
DA:143,0
DA:155,0
DA:161,0
DA:162,0
DA:163,0
DA:164,0
DA:168,0
DA:169,0
DA:170,0
DA:174,0
DA:175,0
DA:176,0
DA:180,0
DA:186,0
DA:187,0
DA:190,0
DA:195,0
DA:196,0
DA:198,0
LF:65
LH:1
BRDA:14,0,0,0
BRDA:20,1,0,0
BRDA:31,2,0,0
BRDA:31,2,1,0
BRDA:33,3,0,0
BRDA:39,4,0,0
BRDA:49,5,0,0
BRDA:79,6,0,0
BRDA:90,7,0,0
BRDA:96,8,0,0
BRDA:102,9,0,0
BRDA:102,10,0,0
BRDA:102,10,1,0
BRDA:112,11,0,0
BRDA:121,12,0,0
BRDA:129,13,0,0
BRDA:129,14,0,0
BRDA:163,15,0,0
BRDA:169,16,0,0
BRDA:175,17,0,0
BRDA:186,18,0,0
BRDA:195,19,0,0
BRF:22
BRH:0
end_of_record
TN:
SF:src/controllers/board.controller.ts
FN:20,(anonymous_0)
FN:55,(anonymous_1)
FN:111,(anonymous_2)
FN:137,(anonymous_3)
FN:158,(anonymous_4)
FN:189,(anonymous_5)
FN:235,(anonymous_6)
FN:271,(anonymous_7)
FN:287,(anonymous_8)
FNF:9
FNH:0
FNDA:0,(anonymous_0)
FNDA:0,(anonymous_1)
FNDA:0,(anonymous_2)
FNDA:0,(anonymous_3)
FNDA:0,(anonymous_4)
FNDA:0,(anonymous_5)
FNDA:0,(anonymous_6)
FNDA:0,(anonymous_7)
FNDA:0,(anonymous_8)
DA:18,1
DA:21,0
DA:22,0
DA:23,0
DA:24,0
DA:28,0
DA:34,0
DA:37,0
DA:41,0
DA:47,0
DA:48,0
DA:50,0
DA:56,0
DA:58,0
DA:59,0
DA:62,0
DA:64,0
DA:65,0
DA:68,0
DA:69,0
DA:72,0
DA:73,0
DA:80,0
DA:81,0
DA:83,0
DA:84,0
DA:87,0
DA:88,0
DA:90,0
DA:94,0
DA:97,0
DA:100,0
DA:110,0
DA:112,0
DA:113,0
DA:120,0
DA:132,0
DA:138,0
DA:139,0
DA:145,0
DA:146,0
DA:150,0
DA:157,0
DA:159,0
DA:160,0
DA:167,0
DA:169,0
DA:175,0
DA:181,0
DA:182,0
DA:184,0
DA:190,0
DA:191,0
DA:192,0
DA:193,0
DA:197,0
DA:198,0
DA:199,0
DA:202,0
DA:203,0
DA:207,0
DA:214,0
DA:216,0
DA:221,0
DA:227,0
DA:228,0
DA:230,0
DA:236,0
DA:237,0
DA:238,0
DA:239,0
DA:243,0
DA:244,0
DA:245,0
DA:248,0
DA:249,0
DA:253,0
DA:256,0
DA:258,0
DA:263,0
DA:264,0
DA:266,0
DA:272,0
DA:273,0
DA:274,0
DA:275,0
DA:278,0
DA:286,0
DA:288,0
DA:289,0
DA:296,0
DA:302,0
DA:303,0
DA:305,0
LF:94
LH:1
BRDA:23,0,0,0
BRDA:47,1,0,0
BRDA:58,2,0,0
BRDA:58,2,1,0
BRDA:59,3,0,0
BRDA:59,3,1,0
BRDA:64,4,0,0
BRDA:68,5,0,0
BRDA:72,6,0,0
BRDA:81,7,0,0
BRDA:81,7,1,0
BRDA:81,7,2,0
BRDA:145,8,0,0
BRDA:181,9,0,0
BRDA:192,10,0,0
BRDA:198,11,0,0
BRDA:202,12,0,0
BRDA:227,13,0,0
BRDA:238,14,0,0
BRDA:244,15,0,0
BRDA:248,16,0,0
BRDA:263,17,0,0
BRDA:274,18,0,0
BRDA:302,19,0,0
BRF:24
BRH:0
end_of_record
TN:
SF:src/controllers/comment.controller.ts
FN:17,(anonymous_0)
FN:110,(anonymous_1)
FN:155,(anonymous_2)
FN:161,(anonymous_3)
FN:189,(anonymous_4)
FN:216,(anonymous_5)
FN:237,(anonymous_6)
FN:270,(anonymous_7)
FN:282,(anonymous_8)
FNF:9
FNH:0
FNDA:0,(anonymous_0)
FNDA:0,(anonymous_1)
FNDA:0,(anonymous_2)
FNDA:0,(anonymous_3)
FNDA:0,(anonymous_4)
FNDA:0,(anonymous_5)
FNDA:0,(anonymous_6)
FNDA:0,(anonymous_7)
FNDA:0,(anonymous_8)
DA:15,1
DA:18,0
DA:19,0
DA:20,0
DA:21,0
DA:25,0
DA:26,0
DA:27,0
DA:31,0
DA:32,0
DA:33,0
DA:34,0
DA:39,0
DA:48,0
DA:49,0
DA:54,0
DA:55,0
DA:56,0
DA:73,0
DA:74,0
DA:75,0
DA:76,0
DA:91,0
DA:102,0
DA:103,0
DA:105,0
DA:111,0
DA:112,0
DA:113,0
DA:114,0
DA:117,0
DA:123,0
DA:124,0
DA:126,0
DA:130,0
DA:131,0
DA:133,0
DA:134,0
DA:137,0
DA:138,0
DA:141,0
DA:142,0
DA:144,0
DA:154,0
DA:156,0
DA:161,0
DA:163,0
DA:172,0
DA:184,0
DA:190,0
DA:191,0
DA:192,0
DA:193,0
DA:196,0
DA:197,0
DA:198,0
DA:201,0
DA:202,0
DA:205,0
DA:206,0
DA:207,0
DA:211,0
DA:216,0
DA:218,0
DA:229,0
DA:230,0
DA:232,0
DA:238,0
DA:239,0
DA:240,0
DA:241,0
DA:244,0
DA:245,0
DA:246,0
DA:249,0
DA:250,0
DA:253,0
DA:254,0
DA:255,0
DA:257,0
DA:262,0
DA:263,0
DA:265,0
DA:271,0
DA:272,0
DA:273,0
DA:274,0
DA:277,0
DA:278,0
DA:279,0
DA:282,0
DA:283,0
DA:285,0
DA:287,0
DA:290,0
DA:291,0
DA:294,0
DA:295,0
DA:296,0
DA:310,0
DA:312,0
DA:318,0
DA:319,0
DA:321,0
LF:104
LH:1
BRDA:20,0,0,0
BRDA:26,1,0,0
BRDA:31,2,0,0
BRDA:33,3,0,0
BRDA:54,4,0,0
BRDA:54,4,1,0
BRDA:54,5,0,0
BRDA:54,5,1,0
BRDA:55,6,0,0
BRDA:60,7,0,0
BRDA:60,7,1,0
BRDA:61,8,0,0
BRDA:61,8,1,0
BRDA:73,9,0,0
BRDA:75,10,0,0
BRDA:75,11,0,0
BRDA:75,11,1,0
BRDA:102,12,0,0
BRDA:113,13,0,0
BRDA:113,13,1,0
BRDA:114,14,0,0
BRDA:114,14,1,0
BRDA:123,15,0,0
BRDA:123,15,1,0
BRDA:131,16,0,0
BRDA:131,16,1,0
BRDA:161,17,0,0
BRDA:161,17,1,0
BRDA:192,18,0,0
BRDA:197,19,0,0
BRDA:201,20,0,0
BRDA:229,21,0,0
BRDA:240,22,0,0
BRDA:245,23,0,0
BRDA:249,24,0,0
BRDA:262,25,0,0
BRDA:273,26,0,0
BRDA:278,27,0,0
BRDA:285,28,0,0
BRDA:285,28,1,0
BRDA:294,29,0,0
BRDA:294,29,1,0
BRDA:294,30,0,0
BRDA:294,30,1,0
BRDA:295,31,0,0
BRDA:314,32,0,0
BRDA:314,32,1,0
BRDA:318,33,0,0
BRF:48
BRH:0
end_of_record
TN:
SF:src/controllers/feed.controller.ts
FN:10,(anonymous_0)
FN:19,(anonymous_1)
FN:41,(anonymous_2)
FN:79,(anonymous_3)
FN:96,(anonymous_4)
FN:138,(anonymous_5)
FN:162,(anonymous_6)
FNF:7
FNH:0
FNDA:0,(anonymous_0)
FNDA:0,(anonymous_1)
FNDA:0,(anonymous_2)
FNDA:0,(anonymous_3)
FNDA:0,(anonymous_4)
FNDA:0,(anonymous_5)
FNDA:0,(anonymous_6)
DA:8,1
DA:11,0
DA:12,0
DA:13,0
DA:14,0
DA:18,0
DA:19,0
DA:21,0
DA:23,0
DA:26,0
DA:29,0
DA:40,0
DA:42,0
DA:43,0
DA:44,0
DA:45,0
DA:47,0
DA:57,0
DA:59,0
DA:71,0
DA:72,0
DA:74,0
DA:80,0
DA:81,0
DA:84,0
DA:95,0
DA:97,0
DA:98,0
DA:100,0
DA:101,0
DA:103,0
DA:104,0
DA:105,0
DA:109,0
DA:119,0
DA:121,0
DA:133,0
DA:139,0
DA:140,0
DA:141,0
DA:142,0
DA:146,0
DA:161,0
DA:163,0
DA:164,0
DA:166,0
DA:167,0
DA:169,0
DA:170,0
DA:171,0
DA:174,0
DA:184,0
DA:190,0
DA:191,0
DA:193,0
LF:55
LH:1
BRDA:10,0,0,0
BRDA:10,1,0,0
BRDA:13,2,0,0
BRDA:21,3,0,0
BRDA:71,4,0,0
BRDA:79,5,0,0
BRDA:79,6,0,0
BRDA:103,7,0,0
BRDA:138,8,0,0
BRDA:141,9,0,0
BRDA:169,10,0,0
BRDA:190,11,0,0
BRF:12
BRH:0
end_of_record
TN:
SF:src/controllers/follow.controller.ts
FN:10,(anonymous_0)
FN:71,(anonymous_1)
FN:102,(anonymous_2)
FN:119,(anonymous_3)
FN:133,(anonymous_4)
FN:150,(anonymous_5)
FN:164,(anonymous_6)
FN:197,(anonymous_7)
FN:206,(anonymous_8)
FNF:9
FNH:0
FNDA:0,(anonymous_0)
FNDA:0,(anonymous_1)
FNDA:0,(anonymous_2)
FNDA:0,(anonymous_3)
FNDA:0,(anonymous_4)
FNDA:0,(anonymous_5)
FNDA:0,(anonymous_6)
FNDA:0,(anonymous_7)
FNDA:0,(anonymous_8)
DA:8,1
DA:11,0
DA:12,0
DA:13,0
DA:14,0
DA:18,0
DA:19,0
DA:23,0
DA:24,0
DA:25,0
DA:29,0
DA:34,0
DA:35,0
DA:39,0
DA:46,0
DA:57,0
DA:63,0
DA:64,0
DA:66,0
DA:72,0
DA:73,0
DA:74,0
DA:75,0
DA:79,0
DA:84,0
DA:85,0
DA:88,0
DA:94,0
DA:95,0
DA:97,0
DA:103,0
DA:104,0
DA:105,0
DA:107,0
DA:116,0
DA:119,0
DA:128,0
DA:134,0
DA:135,0
DA:136,0
DA:138,0
DA:147,0
DA:150,0
DA:159,0
DA:165,0
DA:166,0
DA:168,0
DA:169,0
DA:171,0
DA:172,0
DA:180,0
DA:185,0
DA:192,0
DA:198,0
DA:199,0
DA:200,0
DA:201,0
DA:205,0
DA:206,0
DA:209,0
DA:217,0
DA:223,0
DA:224,0
DA:226,0
LF:64
LH:1
BRDA:13,0,0,0
BRDA:18,1,0,0
BRDA:24,2,0,0
BRDA:34,3,0,0
BRDA:63,4,0,0
BRDA:74,5,0,0
BRDA:84,6,0,0
BRDA:94,7,0,0
BRDA:102,8,0,0
BRDA:102,9,0,0
BRDA:133,10,0,0
BRDA:133,11,0,0
BRDA:171,12,0,0
BRDA:197,13,0,0
BRDA:200,14,0,0
BRDA:223,15,0,0
BRF:16
BRH:0
end_of_record
TN:
SF:src/controllers/index.ts
FNF:0
FNH:0
DA:18,1
DA:19,1
DA:20,1
DA:21,1
DA:22,1
LF:5
LH:5
BRF:0
BRH:0
end_of_record
TN:
SF:src/controllers/interaction.controller.ts
FN:8,(anonymous_0)
FN:22,(anonymous_1)
FN:37,(anonymous_2)
FN:46,(anonymous_3)
FN:55,(anonymous_4)
FN:81,(anonymous_5)
FNF:6
FNH:0
FNDA:0,(anonymous_0)
FNDA:0,(anonymous_1)
FNDA:0,(anonymous_2)
FNDA:0,(anonymous_3)
FNDA:0,(anonymous_4)
FNDA:0,(anonymous_5)
DA:9,0
DA:10,0
DA:13,0
DA:18,0
DA:23,0
DA:24,0
DA:25,0
DA:31,0
DA:33,0
DA:38,0
DA:39,0
DA:40,0
DA:42,0
DA:47,0
DA:48,0
DA:49,0
DA:51,0
DA:56,0
DA:57,0
DA:58,0
DA:62,0
DA:63,0
DA:65,0
DA:75,0
DA:77,0
DA:82,0
DA:83,0
DA:84,0
DA:88,0
DA:89,0
DA:91,0
DA:101,0
DA:103,0
LF:33
LH:0
BRDA:62,0,0,0
BRDA:88,1,0,0
BRF:2
BRH:0
end_of_record
TN:
SF:src/controllers/notification.controller.ts
FN:14,(anonymous_0)
FN:30,(anonymous_1)
FN:46,(anonymous_2)
FN:71,(anonymous_3)
FN:87,(anonymous_4)
FNF:5
FNH:0
FNDA:0,(anonymous_0)
FNDA:0,(anonymous_1)
FNDA:0,(anonymous_2)
FNDA:0,(anonymous_3)
FNDA:0,(anonymous_4)
DA:10,0
DA:15,0
DA:16,0
DA:17,0
DA:18,0
DA:23,0
DA:31,0
DA:32,0
DA:33,0
DA:34,0
DA:39,0
DA:47,0
DA:48,0
DA:49,0
DA:50,0
DA:52,0
DA:58,0
DA:64,0
DA:72,0
DA:73,0
DA:74,0
DA:75,0
DA:80,0
DA:88,0
DA:89,0
DA:90,0
DA:91,0
DA:96,0
LF:28
LH:0
BRDA:49,0,0,0
BRDA:49,0,1,0
BRDA:50,1,0,0
BRDA:50,1,1,0
BRF:4
BRH:0
end_of_record
TN:
SF:src/controllers/personalize.controller.ts
FN:5,(anonymous_0)
FN:9,(anonymous_1)
FN:20,(anonymous_2)
FN:34,(anonymous_3)
FN:47,(anonymous_4)
FNF:5
FNH:0
FNDA:0,(anonymous_0)
FNDA:0,(anonymous_1)
FNDA:0,(anonymous_2)
FNDA:0,(anonymous_3)
FNDA:0,(anonymous_4)
DA:6,0
DA:10,0
DA:11,0
DA:14,0
DA:15,0
DA:18,0
DA:20,0
DA:21,0
DA:22,0
DA:31,0
DA:35,0
DA:36,0
DA:37,0
DA:39,0
DA:40,0
DA:41,0
DA:42,0
DA:44,0
DA:48,0
LF:19
LH:0
BRF:0
BRH:0
end_of_record
TN:
SF:src/controllers/pin-like.controller.ts
FN:10,(anonymous_0)
FN:75,(anonymous_1)
FN:106,(anonymous_2)
FNF:3
FNH:0
FNDA:0,(anonymous_0)
FNDA:0,(anonymous_1)
FNDA:0,(anonymous_2)
DA:8,1
DA:11,0
DA:12,0
DA:13,0
DA:14,0
DA:18,0
DA:19,0
DA:20,0
DA:24,0
DA:26,0
DA:28,0
DA:30,0
DA:33,0
DA:38,0
DA:41,0
DA:42,0
DA:43,0
DA:58,0
DA:60,0
DA:67,0
DA:68,0
DA:70,0
DA:76,0
DA:77,0
DA:78,0
DA:80,0
DA:89,0
DA:101,0
DA:107,0
DA:108,0
DA:110,0
DA:112,0
DA:113,0
DA:120,0
DA:122,0
DA:128,0
LF:36
LH:1
BRDA:13,0,0,0
BRDA:19,1,0,0
BRDA:28,2,0,0
BRDA:28,2,1,0
BRDA:41,3,0,0
BRDA:41,3,1,0
BRDA:41,4,0,0
BRDA:41,4,1,0
BRDA:42,5,0,0
BRDA:62,6,0,0
BRDA:62,6,1,0
BRDA:67,7,0,0
BRDA:75,8,0,0
BRDA:75,9,0,0
BRDA:112,10,0,0
BRF:15
BRH:0
end_of_record
TN:
SF:src/controllers/pin.controller.ts
FN:14,(anonymous_0)
FN:23,(anonymous_1)
FN:34,(anonymous_2)
FN:51,(anonymous_3)
FN:60,(anonymous_4)
FN:69,(anonymous_5)
FN:78,(anonymous_6)
FN:86,(anonymous_7)
FN:95,(anonymous_8)
FN:103,(anonymous_9)
FN:112,(anonymous_10)
FN:121,(anonymous_11)
FNF:12
FNH:0
FNDA:0,(anonymous_0)
FNDA:0,(anonymous_1)
FNDA:0,(anonymous_2)
FNDA:0,(anonymous_3)
FNDA:0,(anonymous_4)
FNDA:0,(anonymous_5)
FNDA:0,(anonymous_6)
FNDA:0,(anonymous_7)
FNDA:0,(anonymous_8)
FNDA:0,(anonymous_9)
FNDA:0,(anonymous_10)
FNDA:0,(anonymous_11)
DA:12,1
DA:15,0
DA:16,0
DA:18,0
DA:24,0
DA:25,0
DA:27,0
DA:28,0
DA:30,0
DA:35,0
DA:36,0
DA:37,0
DA:38,0
DA:39,0
DA:40,0
DA:42,0
DA:43,0
DA:44,0
DA:46,0
DA:52,0
DA:53,0
DA:55,0
DA:61,0
DA:62,0
DA:64,0
DA:70,0
DA:71,0
DA:73,0
DA:79,0
DA:80,0
DA:82,0
DA:87,0
DA:88,0
DA:90,0
DA:96,0
DA:97,0
DA:99,0
DA:104,0
DA:105,0
DA:107,0
DA:113,0
DA:114,0
DA:116,0
DA:122,0
DA:123,0
DA:125,0
LF:46
LH:1
BRDA:37,0,0,0
BRDA:39,1,0,0
BRDA:39,2,0,0
BRDA:39,2,1,0
BRDA:43,3,0,0
BRF:5
BRH:0
end_of_record
TN:
SF:src/controllers/session.controller.ts
FN:10,(anonymous_0)
FN:30,(anonymous_1)
FNF:2
FNH:0
FNDA:0,(anonymous_0)
FNDA:0,(anonymous_1)
DA:11,0
DA:12,0
DA:15,0
DA:16,0
DA:22,0
DA:23,0
DA:31,0
DA:32,0
DA:33,0
DA:38,0
DA:39,0
DA:41,0
DA:42,0
DA:49,0
LF:14
LH:0
BRDA:38,0,0,0
BRF:1
BRH:0
end_of_record
TN:
SF:src/controllers/share.controller.ts
FN:9,(anonymous_0)
FN:61,(anonymous_1)
FN:78,(anonymous_2)
FNF:3
FNH:0
FNDA:0,(anonymous_0)
FNDA:0,(anonymous_1)
FNDA:0,(anonymous_2)
DA:7,1
DA:10,0
DA:11,0
DA:14,0
DA:15,0
DA:16,0
DA:20,0
DA:22,0
DA:27,0
DA:29,0
DA:30,0
DA:31,0
DA:35,0
DA:45,0
DA:47,0
DA:53,0
DA:54,0
DA:56,0
DA:62,0
DA:63,0
DA:68,0
DA:73,0
DA:79,0
DA:80,0
DA:85,0
DA:86,0
DA:89,0
DA:91,0
DA:103,0
DA:104,0
DA:106,0
LF:31
LH:1
BRDA:15,0,0,0
BRDA:20,1,0,0
BRDA:27,2,0,0
BRDA:27,2,1,0
BRDA:29,3,0,0
BRDA:45,4,0,0
BRDA:45,4,1,0
BRDA:53,5,0,0
BRDA:85,6,0,0
BRDA:89,7,0,0
BRDA:89,7,1,0
BRDA:103,8,0,0
BRF:12
BRH:0
end_of_record
TN:
SF:src/controllers/upload.controller.ts
FN:11,(anonymous_0)
FN:21,(anonymous_1)
FN:67,(anonymous_2)
FN:77,(anonymous_3)
FN:93,(anonymous_4)
FNF:5
FNH:0
FNDA:0,(anonymous_0)
FNDA:0,(anonymous_1)
FNDA:0,(anonymous_2)
FNDA:0,(anonymous_3)
FNDA:0,(anonymous_4)
DA:9,1
DA:12,0
DA:13,0
DA:14,0
DA:16,0
DA:22,0
DA:23,0
DA:24,0
DA:25,0
DA:31,0
DA:32,0
DA:33,0
DA:34,0
DA:35,0
DA:38,0
DA:40,0
DA:41,0
DA:42,0
DA:44,0
DA:48,0
DA:49,0
DA:50,0
DA:54,0
DA:55,0
DA:56,0
DA:57,0
DA:60,0
DA:62,0
DA:68,0
DA:69,0
DA:70,0
DA:72,0
DA:78,0
DA:80,0
DA:82,0
DA:83,0
DA:84,0
DA:91,0
DA:92,0
DA:93,0
DA:95,0
DA:96,0
DA:103,0
DA:104,0
DA:105,0
DA:112,0
DA:113,0
DA:114,0
DA:120,0
DA:121,0
DA:128,0
DA:137,0
DA:138,0
DA:140,0
DA:142,0
DA:145,0
DA:151,0
DA:156,0
DA:163,0
DA:164,0
DA:167,0
LF:61
LH:1
BRDA:24,0,0,0
BRDA:32,1,0,0
BRDA:32,1,1,0
BRDA:34,2,0,0
BRDA:34,3,0,0
BRDA:34,3,1,0
BRDA:41,4,0,0
BRDA:49,5,0,0
BRDA:54,6,0,0
BRDA:54,6,1,0
BRDA:56,7,0,0
BRDA:62,8,0,0
BRDA:62,8,1,0
BRDA:83,9,0,0
BRDA:83,10,0,0
BRDA:83,10,1,0
BRDA:95,11,0,0
BRDA:95,12,0,0
BRDA:95,12,1,0
BRDA:104,13,0,0
BRDA:113,14,0,0
BRDA:120,15,0,0
BRDA:132,16,0,0
BRDA:132,16,1,0
BRDA:133,17,0,0
BRDA:133,17,1,0
BRDA:169,18,0,0
BRDA:169,18,1,0
BRF:28
BRH:0
end_of_record
TN:
SF:src/controllers/user.controller.ts
FN:10,(anonymous_0)
FN:15,(anonymous_1)
FN:20,(anonymous_2)
FN:34,(anonymous_3)
FN:56,(anonymous_4)
FN:98,(anonymous_5)
FN:136,(anonymous_6)
FNF:7
FNH:0
FNDA:0,(anonymous_0)
FNDA:0,(anonymous_1)
FNDA:0,(anonymous_2)
FNDA:0,(anonymous_3)
FNDA:0,(anonymous_4)
FNDA:0,(anonymous_5)
FNDA:0,(anonymous_6)
DA:11,0
DA:12,0
DA:16,0
DA:17,0
DA:21,0
DA:22,0
DA:23,0
DA:25,0
DA:35,0
DA:36,0
DA:37,0
DA:38,0
DA:40,0
DA:41,0
DA:42,0
DA:48,0
DA:50,0
DA:51,0
DA:57,0
DA:58,0
DA:59,0
DA:60,0
DA:64,0
DA:65,0
DA:66,0
DA:69,0
DA:70,0
DA:71,0
DA:75,0
DA:78,0
DA:90,0
DA:91,0
DA:93,0
DA:99,0
DA:100,0
DA:101,0
DA:102,0
DA:105,0
DA:106,0
DA:108,0
DA:109,0
DA:110,0
DA:114,0
DA:118,0
DA:119,0
DA:122,0
DA:128,0
DA:129,0
DA:131,0
DA:137,0
DA:138,0
DA:139,0
DA:140,0
DA:143,0
DA:144,0
DA:145,0
DA:149,0
DA:150,0
DA:151,0
DA:153,0
DA:164,0
DA:165,0
DA:167,0
LF:63
LH:0
BRDA:22,0,0,0
BRDA:37,1,0,0
BRDA:59,2,0,0
BRDA:70,3,0,0
BRDA:90,4,0,0
BRDA:101,5,0,0
BRDA:109,6,0,0
BRDA:118,7,0,0
BRDA:128,8,0,0
BRDA:139,9,0,0
BRDA:144,10,0,0
BRDA:164,11,0,0
BRF:12
BRH:0
end_of_record
TN:
SF:src/middlewares/auth.ts
FN:19,(anonymous_0)
FNF:1
FNH:0
FNDA:0,(anonymous_0)
DA:19,0
DA:20,0
DA:21,0
DA:23,0
DA:24,0
DA:30,0
DA:33,0
DA:36,0
DA:38,0
DA:39,0
DA:46,0
DA:53,0
DA:55,0
DA:56,0
DA:62,0
DA:63,0
DA:69,0
LF:17
LH:0
BRDA:23,0,0,0
BRDA:23,1,0,0
BRDA:23,1,1,0
BRDA:38,2,0,0
BRDA:55,3,0,0
BRDA:62,4,0,0
BRF:6
BRH:0
end_of_record
TN:
SF:src/models/board-collaborator.model.ts
FN:6,(anonymous_0)
FNF:1
FNH:1
FNDA:1,(anonymous_0)
DA:6,1
DA:7,1
DA:8,1
DA:9,1
DA:12,1
DA:21,1
DA:22,1
DA:24,1
LF:8
LH:8
BRDA:6,0,0,1
BRDA:6,0,1,1
BRF:2
BRH:2
end_of_record
TN:
SF:src/models/board.model.ts
FNF:0
FNH:0
DA:6,1
DA:15,1
DA:16,1
LF:3
LH:3
BRF:0
BRH:0
end_of_record
TN:
SF:src/models/comment.model.ts
FNF:0
FNH:0
DA:6,1
DA:17,1
DA:18,1
LF:3
LH:3
BRF:0
BRH:0
end_of_record
TN:
SF:src/models/common.model.ts
FNF:0
FNH:0
DA:5,1
DA:12,1
LF:2
LH:2
BRF:0
BRH:0
end_of_record
TN:
SF:src/models/follow.model.ts
FNF:0
FNH:0
DA:6,1
DA:14,1
DA:15,1
DA:17,1
LF:4
LH:4
BRF:0
BRH:0
end_of_record
TN:
SF:src/models/interaction.model.ts
FN:16,(anonymous_0)
FNF:1
FNH:0
FNDA:0,(anonymous_0)
DA:7,1
DA:16,0
DA:21,1
DA:22,1
LF:4
LH:3
BRF:0
BRH:0
end_of_record
TN:
SF:src/models/notification.model.ts
FN:31,(anonymous_0)
FNF:1
FNH:0
FNDA:0,(anonymous_0)
DA:7,1
DA:31,0
DA:36,1
DA:37,1
LF:4
LH:3
BRF:0
BRH:0
end_of_record
TN:
SF:src/models/pin-like.model.ts
FNF:0
FNH:0
DA:6,1
DA:14,1
DA:15,1
DA:17,1
LF:4
LH:4
BRF:0
BRH:0
end_of_record
TN:
SF:src/models/pin-tag.model.ts
FNF:0
FNH:0
DA:6,1
DA:13,1
DA:14,1
LF:3
LH:3
BRF:0
BRH:0
end_of_record
TN:
SF:src/models/pin.model.ts
FNF:0
FNH:0
DA:6,1
DA:17,1
DA:19,1
DA:20,1
DA:23,0
DA:25,1
LF:6
LH:5
BRF:0
BRH:0
end_of_record
TN:
SF:src/models/session.model.ts
FNF:0
FNH:0
DA:6,1
DA:12,1
DA:13,1
LF:3
LH:3
BRF:0
BRH:0
end_of_record
TN:
SF:src/models/tag.model.ts
FNF:0
FNH:0
DA:6,1
DA:12,1
DA:13,1
LF:3
LH:3
BRF:0
BRH:0
end_of_record
TN:
SF:src/models/user.model.ts
FNF:0
FNH:0
DA:7,1
DA:28,1
DA:29,1
LF:3
LH:3
BRF:0
BRH:0
end_of_record
TN:
SF:src/routes/auth.route.ts
FN:15,(anonymous_0)
FN:26,(anonymous_1)
FN:36,(anonymous_2)
FN:48,(anonymous_3)
FNF:4
FNH:0
FNDA:0,(anonymous_0)
FNDA:0,(anonymous_1)
FNDA:0,(anonymous_2)
FNDA:0,(anonymous_3)
DA:5,0
DA:6,0
DA:7,0
DA:16,0
DA:27,0
DA:37,0
DA:38,0
DA:39,0
DA:49,0
DA:50,0
LF:10
LH:0
BRDA:39,0,0,0
BRDA:39,0,1,0
BRF:2
BRH:0
end_of_record
TN:
SF:src/routes/board-collaborator.route.ts
FN:18,(anonymous_0)
FN:33,(anonymous_1)
FN:49,(anonymous_2)
FN:65,(anonymous_3)
FNF:4
FNH:0
FNDA:0,(anonymous_0)
FNDA:0,(anonymous_1)
FNDA:0,(anonymous_2)
FNDA:0,(anonymous_3)
DA:5,1
DA:19,0
DA:34,0
DA:50,0
DA:66,0
LF:5
LH:1
BRF:0
BRH:0
end_of_record
TN:
SF:src/routes/board.route.ts
FN:22,(anonymous_0)
FN:34,(anonymous_1)
FN:46,(anonymous_2)
FN:59,(anonymous_3)
FN:72,(anonymous_4)
FN:84,(anonymous_5)
FNF:6
FNH:0
FNDA:0,(anonymous_0)
FNDA:0,(anonymous_1)
FNDA:0,(anonymous_2)
FNDA:0,(anonymous_3)
FNDA:0,(anonymous_4)
FNDA:0,(anonymous_5)
DA:10,0
DA:11,0
DA:13,0
DA:23,0
DA:35,0
DA:47,0
DA:48,0
DA:60,0
DA:61,0
DA:73,0
DA:74,0
DA:85,0
LF:12
LH:0
BRF:0
BRH:0
end_of_record
TN:
SF:src/routes/comment.route.ts
FN:22,(anonymous_0)
FN:36,(anonymous_1)
FN:51,(anonymous_2)
FN:66,(anonymous_3)
FN:80,(anonymous_4)
FNF:5
FNH:0
FNDA:0,(anonymous_0)
FNDA:0,(anonymous_1)
FNDA:0,(anonymous_2)
FNDA:0,(anonymous_3)
FNDA:0,(anonymous_4)
DA:10,1
DA:23,0
DA:37,0
DA:38,0
DA:52,0
DA:53,0
DA:67,0
DA:81,0
LF:8
LH:1
BRF:0
BRH:0
end_of_record
TN:
SF:src/routes/feed.route.ts
FN:17,(anonymous_0)
FN:32,(anonymous_1)
FN:47,(anonymous_2)
FNF:3
FNH:0
FNDA:0,(anonymous_0)
FNDA:0,(anonymous_1)
FNDA:0,(anonymous_2)
DA:5,1
DA:18,0
DA:33,0
DA:48,0
LF:4
LH:1
BRF:0
BRH:0
end_of_record
TN:
SF:src/routes/follow.route.ts
FN:16,(anonymous_0)
FN:30,(anonymous_1)
FN:46,(anonymous_2)
FN:62,(anonymous_3)
FN:76,(anonymous_4)
FN:90,(anonymous_5)
FNF:6
FNH:0
FNDA:0,(anonymous_0)
FNDA:0,(anonymous_1)
FNDA:0,(anonymous_2)
FNDA:0,(anonymous_3)
FNDA:0,(anonymous_4)
FNDA:0,(anonymous_5)
DA:5,1
DA:17,0
DA:31,0
DA:47,0
DA:63,0
DA:77,0
DA:91,0
LF:7
LH:1
BRF:0
BRH:0
end_of_record
TN:
SF:src/routes/index.ts
FNF:0
FNH:0
DA:15,0
LF:1
LH:0
BRF:0
BRH:0
end_of_record
TN:
SF:src/routes/interaction.router.ts
FN:16,(anonymous_0)
FN:28,(anonymous_1)
FN:39,(anonymous_2)
FN:51,(anonymous_3)
FN:62,(anonymous_4)
FN:74,(anonymous_5)
FNF:6
FNH:0
FNDA:0,(anonymous_0)
FNDA:0,(anonymous_1)
FNDA:0,(anonymous_2)
FNDA:0,(anonymous_3)
FNDA:0,(anonymous_4)
FNDA:0,(anonymous_5)
DA:6,0
DA:7,0
DA:9,0
DA:17,0
DA:18,0
DA:29,0
DA:40,0
DA:41,0
DA:52,0
DA:63,0
DA:64,0
DA:75,0
DA:76,0
LF:13
LH:0
BRF:0
BRH:0
end_of_record
TN:
SF:src/routes/notification.route.ts
FN:21,(anonymous_0)
FN:32,(anonymous_1)
FN:44,(anonymous_2)
FN:56,(anonymous_3)
FN:67,(anonymous_4)
FNF:5
FNH:0
FNDA:0,(anonymous_0)
FNDA:0,(anonymous_1)
FNDA:0,(anonymous_2)
FNDA:0,(anonymous_3)
FNDA:0,(anonymous_4)
DA:9,0
DA:10,0
DA:12,0
DA:22,0
DA:33,0
DA:45,0
DA:57,0
DA:68,0
LF:8
LH:0
BRF:0
BRH:0
end_of_record
TN:
SF:src/routes/pin-like.route.ts
FN:16,(anonymous_0)
FN:32,(anonymous_1)
FN:46,(anonymous_2)
FNF:3
FNH:0
FNDA:0,(anonymous_0)
FNDA:0,(anonymous_1)
FNDA:0,(anonymous_2)
DA:5,1
DA:17,0
DA:33,0
DA:47,0
LF:4
LH:1
BRF:0
BRH:0
end_of_record
TN:
SF:src/routes/pin.route.ts
FN:24,(anonymous_0)
FN:37,(anonymous_1)
FN:49,(anonymous_2)
FN:62,(anonymous_3)
FN:72,(anonymous_4)
FN:84,(anonymous_5)
FN:97,(anonymous_6)
FN:110,(anonymous_7)
FN:122,(anonymous_8)
FN:133,(anonymous_9)
FN:144,(anonymous_10)
FN:155,(anonymous_11)
FN:165,(anonymous_12)
FN:177,(anonymous_13)
FN:190,(anonymous_14)
FN:201,(anonymous_15)
FNF:16
FNH:0
FNDA:0,(anonymous_0)
FNDA:0,(anonymous_1)
FNDA:0,(anonymous_2)
FNDA:0,(anonymous_3)
FNDA:0,(anonymous_4)
FNDA:0,(anonymous_5)
FNDA:0,(anonymous_6)
FNDA:0,(anonymous_7)
FNDA:0,(anonymous_8)
FNDA:0,(anonymous_9)
FNDA:0,(anonymous_10)
FNDA:0,(anonymous_11)
FNDA:0,(anonymous_12)
FNDA:0,(anonymous_13)
FNDA:0,(anonymous_14)
FNDA:0,(anonymous_15)
DA:11,0
DA:12,0
DA:14,0
DA:25,0
DA:26,0
DA:38,0
DA:50,0
DA:51,0
DA:63,0
DA:73,0
DA:85,0
DA:86,0
DA:98,0
DA:99,0
DA:111,0
DA:112,0
DA:123,0
DA:124,0
DA:134,0
DA:145,0
DA:146,0
DA:156,0
DA:166,0
DA:178,0
DA:179,0
DA:191,0
DA:202,0
LF:27
LH:0
BRF:0
BRH:0
end_of_record
TN:
SF:src/routes/share.route.ts
FN:16,(anonymous_0)
FN:30,(anonymous_1)
FN:44,(anonymous_2)
FNF:3
FNH:0
FNDA:0,(anonymous_0)
FNDA:0,(anonymous_1)
FNDA:0,(anonymous_2)
DA:5,0
DA:17,0
DA:31,0
DA:45,0
LF:4
LH:0
BRF:0
BRH:0
end_of_record
TN:
SF:src/routes/user.route.ts
FN:18,(anonymous_0)
FN:30,(anonymous_1)
FN:45,(anonymous_2)
FN:56,(anonymous_3)
FN:74,(anonymous_4)
FNF:5
FNH:0
FNDA:0,(anonymous_0)
FNDA:0,(anonymous_1)
FNDA:0,(anonymous_2)
FNDA:0,(anonymous_3)
FNDA:0,(anonymous_4)
DA:7,1
DA:8,1
DA:10,1
DA:19,0
DA:20,0
DA:31,0
DA:32,0
DA:46,0
DA:57,0
DA:75,0
LF:10
LH:3
BRF:0
BRH:0
end_of_record
TN:
SF:src/services/notification.service.ts
FN:18,(anonymous_0)
FN:51,(anonymous_1)
FN:89,(anonymous_2)
FN:116,(anonymous_3)
FN:142,(anonymous_4)
FN:155,(anonymous_5)
FN:168,(anonymous_6)
FN:201,(anonymous_7)
FN:216,(anonymous_8)
FNF:9
FNH:0
FNDA:0,(anonymous_0)
FNDA:0,(anonymous_1)
FNDA:0,(anonymous_2)
FNDA:0,(anonymous_3)
FNDA:0,(anonymous_4)
FNDA:0,(anonymous_5)
FNDA:0,(anonymous_6)
FNDA:0,(anonymous_7)
FNDA:0,(anonymous_8)
DA:14,1
DA:24,0
DA:25,0
DA:34,0
DA:35,0
DA:36,0
DA:38,0
DA:40,0
DA:42,0
DA:44,0
DA:52,0
DA:54,0
DA:55,0
DA:56,0
DA:57,0
DA:61,0
DA:70,0
DA:71,0
DA:78,0
DA:81,0
DA:82,0
DA:95,0
DA:96,0
DA:108,0
DA:122,0
DA:123,0
DA:135,0
DA:143,0
DA:144,0
DA:145,0
DA:147,0
DA:148,0
DA:156,0
DA:157,0
DA:158,0
DA:160,0
DA:161,0
DA:173,0
DA:174,0
DA:175,0
DA:181,0
DA:183,0
DA:193,0
DA:194,0
DA:202,0
DA:203,0
DA:208,0
DA:209,0
DA:217,0
DA:218,0
DA:223,0
DA:224,0
LF:52
LH:1
BRDA:30,0,0,0
BRDA:30,0,1,0
BRDA:40,1,0,0
BRDA:40,2,0,0
BRDA:40,2,1,0
BRDA:55,3,0,0
BRDA:70,4,0,0
BRDA:70,4,1,0
BRDA:170,5,0,0
BRDA:171,6,0,0
BRF:10
BRH:0
end_of_record
TN:
SF:src/services/pin.service.ts
FN:28,(anonymous_0)
FN:85,(anonymous_1)
FN:112,(anonymous_2)
FN:145,(anonymous_3)
FN:188,(anonymous_4)
FN:226,(anonymous_5)
FN:258,(anonymous_6)
FN:286,(anonymous_7)
FN:310,(anonymous_8)
FN:367,(anonymous_9)
FN:397,(anonymous_10)
FN:427,(anonymous_11)
FN:436,(anonymous_12)
FN:439,(anonymous_13)
FN:455,(anonymous_14)
FN:459,(anonymous_15)
FN:462,(anonymous_16)
FN:466,(anonymous_17)
FN:467,(anonymous_18)
FNF:19
FNH:0
FNDA:0,(anonymous_0)
FNDA:0,(anonymous_1)
FNDA:0,(anonymous_2)
FNDA:0,(anonymous_3)
FNDA:0,(anonymous_4)
FNDA:0,(anonymous_5)
FNDA:0,(anonymous_6)
FNDA:0,(anonymous_7)
FNDA:0,(anonymous_8)
FNDA:0,(anonymous_9)
FNDA:0,(anonymous_10)
FNDA:0,(anonymous_11)
FNDA:0,(anonymous_12)
FNDA:0,(anonymous_13)
FNDA:0,(anonymous_14)
FNDA:0,(anonymous_15)
FNDA:0,(anonymous_16)
FNDA:0,(anonymous_17)
FNDA:0,(anonymous_18)
DA:24,1
DA:29,0
DA:31,0
DA:32,0
DA:35,0
DA:37,0
DA:38,0
DA:41,0
DA:42,0
DA:45,0
DA:46,0
DA:53,0
DA:54,0
DA:56,0
DA:57,0
DA:60,0
DA:61,0
DA:63,0
DA:67,0
DA:70,0
DA:73,0
DA:84,0
DA:86,0
DA:87,0
DA:94,0
DA:105,0
DA:116,0
DA:117,0
DA:122,0
DA:123,0
DA:127,0
DA:128,0
DA:133,0
DA:138,0
DA:149,0
DA:151,0
DA:152,0
DA:153,0
DA:156,0
DA:157,0
DA:163,0
DA:168,0
DA:171,0
DA:176,0
DA:181,0
DA:193,0
DA:195,0
DA:196,0
DA:197,0
DA:200,0
DA:201,0
DA:207,0
DA:214,0
DA:219,0
DA:230,0
DA:232,0
DA:233,0
DA:234,0
DA:237,0
DA:238,0
DA:244,0
DA:247,0
DA:249,0
DA:251,0
DA:263,0
DA:265,0
DA:266,0
DA:267,0
DA:270,0
DA:271,0
DA:277,0
DA:278,0
DA:279,0
DA:283,0
DA:286,0
DA:291,0
DA:294,0
DA:299,0
DA:304,0
DA:315,0
DA:317,0
DA:318,0
DA:321,0
DA:322,0
DA:326,0
DA:332,0
DA:334,0
DA:335,0
DA:341,0
DA:345,0
DA:346,0
DA:347,0
DA:348,0
DA:356,0
DA:360,0
DA:362,0
DA:368,0
DA:370,0
DA:371,0
DA:374,0
DA:380,0
DA:381,0
DA:387,0
DA:390,0
DA:392,0
DA:398,0
DA:400,0
DA:411,0
DA:412,0
DA:415,0
DA:422,0
DA:428,0
DA:429,0
DA:430,0
DA:431,0
DA:434,0
DA:435,0
DA:437,0
DA:438,0
DA:439,0
DA:443,0
DA:445,0
DA:450,0
DA:456,0
DA:458,0
DA:459,0
DA:461,0
DA:463,0
DA:465,0
DA:466,0
DA:467,0
DA:471,0
DA:473,0
DA:478,0
LF:134
LH:1
BRDA:31,0,0,0
BRDA:31,0,1,0
BRDA:32,1,0,0
BRDA:32,1,1,0
BRDA:37,2,0,0
BRDA:41,3,0,0
BRDA:45,4,0,0
BRDA:54,5,0,0
BRDA:54,5,1,0
BRDA:54,5,2,0
BRDA:122,6,0,0
BRDA:152,7,0,0
BRDA:156,8,0,0
BRDA:196,9,0,0
BRDA:200,10,0,0
BRDA:233,11,0,0
BRDA:237,12,0,0
BRDA:266,13,0,0
BRDA:270,14,0,0
BRDA:278,15,0,0
BRDA:313,16,0,0
BRDA:318,17,0,0
BRDA:321,18,0,0
BRDA:321,19,0,0
BRDA:321,19,1,0
BRDA:321,19,2,0
BRDA:332,20,0,0
BRDA:347,21,0,0
BRDA:347,22,0,0
BRDA:347,22,1,0
BRDA:350,23,0,0
BRDA:350,23,1,0
BRDA:371,24,0,0
BRDA:411,25,0,0
BRDA:430,26,0,0
BRDA:434,27,0,0
BRDA:434,27,1,0
BRF:37
BRH:0
end_of_record
TN:
SF:src/services/media/media.service.ts
FN:15,(anonymous_0)
FN:70,(anonymous_1)
FN:96,(anonymous_2)
FN:108,(anonymous_3)
FNF:4
FNH:0
FNDA:0,(anonymous_0)
FNDA:0,(anonymous_1)
FNDA:0,(anonymous_2)
FNDA:0,(anonymous_3)
DA:11,1
DA:16,0
DA:18,0
DA:20,0
DA:25,0
DA:27,0
DA:29,0
DA:30,0
DA:33,0
DA:41,0
DA:42,0
DA:43,0
DA:44,0
DA:48,0
DA:49,0
DA:52,0
DA:56,0
DA:59,0
DA:61,0
DA:63,0
DA:71,0
DA:72,0
DA:76,0
DA:77,0
DA:80,0
DA:81,0
DA:88,0
DA:89,0
DA:97,0
DA:98,0
DA:100,0
DA:104,0
DA:105,0
DA:108,0
DA:110,0
DA:111,0
DA:113,0
DA:114,0
LF:38
LH:1
BRDA:29,0,0,0
BRDA:41,1,0,0
BRDA:48,2,0,0
BRDA:76,3,0,0
BRDA:104,4,0,0
BRF:5
BRH:0
end_of_record
TN:
SF:src/services/media/upload.service.ts
FN:31,(anonymous_0)
FN:36,(anonymous_1)
FN:41,(anonymous_2)
FN:42,(anonymous_3)
FN:65,(anonymous_4)
FN:81,(anonymous_5)
FN:95,(anonymous_6)
FN:101,(anonymous_7)
FN:108,(anonymous_8)
FN:131,(anonymous_9)
FN:155,(anonymous_10)
FN:158,(anonymous_11)
FN:167,(anonymous_12)
FN:254,(anonymous_13)
FNF:14
FNH:0
FNDA:0,(anonymous_0)
FNDA:0,(anonymous_1)
FNDA:0,(anonymous_2)
FNDA:0,(anonymous_3)
FNDA:0,(anonymous_4)
FNDA:0,(anonymous_5)
FNDA:0,(anonymous_6)
FNDA:0,(anonymous_7)
FNDA:0,(anonymous_8)
FNDA:0,(anonymous_9)
FNDA:0,(anonymous_10)
FNDA:0,(anonymous_11)
FNDA:0,(anonymous_12)
FNDA:0,(anonymous_13)
DA:31,1
DA:32,0
DA:36,1
DA:37,0
DA:41,1
DA:42,0
DA:43,0
DA:44,0
DA:47,0
DA:48,0
DA:49,0
DA:53,0
DA:56,0
DA:65,0
DA:67,0
DA:68,0
DA:71,0
DA:73,0
DA:74,0
DA:75,0
DA:77,0
DA:81,0
DA:83,0
DA:84,0
DA:86,0
DA:87,0
DA:89,0
DA:95,1
DA:101,0
DA:102,0
DA:109,0
DA:110,0
DA:111,0
DA:112,0
DA:123,0
DA:124,0
DA:125,0
DA:126,0
DA:130,1
DA:132,0
DA:136,0
DA:137,0
DA:138,0
DA:143,0
DA:144,0
DA:145,0
DA:146,0
DA:156,0
DA:158,0
DA:171,0
DA:173,0
DA:174,0
DA:176,0
DA:177,0
DA:178,0
DA:180,0
DA:182,0
DA:183,0
DA:189,0
DA:190,0
DA:191,0
DA:199,0
DA:206,0
DA:208,0
DA:216,0
DA:217,0
DA:218,0
DA:225,0
DA:233,0
DA:235,0
DA:243,0
DA:246,0
DA:247,0
DA:251,0
DA:255,0
DA:256,0
DA:259,0
DA:264,0
DA:274,0
DA:276,0
LF:80
LH:5
BRDA:48,0,0,0
BRDA:67,1,0,0
BRDA:71,2,0,0
BRDA:71,2,1,0
BRDA:83,3,0,0
BRDA:86,4,0,0
BRDA:99,5,0,0
BRDA:109,6,0,0
BRDA:109,6,1,0
BRDA:111,7,0,0
BRDA:114,8,0,0
BRDA:114,8,1,0
BRDA:132,9,0,0
BRDA:137,10,0,0
BRDA:149,11,0,0
BRDA:149,11,1,0
BRDA:156,12,0,0
BRDA:156,13,0,0
BRDA:156,13,1,0
BRDA:161,14,0,0
BRDA:161,14,1,0
BRDA:171,15,0,0
BRDA:171,16,0,0
BRDA:171,16,1,0
BRDA:180,17,0,0
BRDA:180,17,1,0
BRDA:180,18,0,0
BRDA:180,18,1,0
BRDA:206,19,0,0
BRDA:206,19,1,0
BRF:30
BRH:0
end_of_record
TN:
SF:src/types/auth.type.ts
FNF:0
FNH:0
DA:3,0
DA:7,0
LF:2
LH:0
BRF:0
BRH:0
end_of_record
TN:
SF:src/types/board.type.ts
FNF:0
FNH:0
DA:6,0
DA:13,0
DA:20,0
DA:39,0
DA:46,0
DA:59,0
LF:6
LH:0
BRF:0
BRH:0
end_of_record
TN:
SF:src/types/comment.type.ts
FNF:0
FNH:0
DA:4,1
DA:12,1
DA:19,1
LF:3
LH:3
BRF:0
BRH:0
end_of_record
TN:
SF:src/types/common.ts
FNF:0
FNH:0
DA:3,1
DA:7,1
LF:2
LH:2
BRF:0
BRH:0
end_of_record
TN:
SF:src/types/enums.ts
FN:1,(anonymous_0)
FN:6,(anonymous_1)
FN:11,(anonymous_2)
FN:23,(anonymous_3)
FNF:4
FNH:4
FNDA:1,(anonymous_0)
FNDA:1,(anonymous_1)
FNDA:1,(anonymous_2)
FNDA:1,(anonymous_3)
DA:1,1
DA:2,1
DA:3,1
DA:6,1
DA:7,1
DA:8,1
DA:11,1
DA:12,1
DA:13,1
DA:14,1
DA:15,1
DA:16,1
DA:17,1
DA:18,1
DA:19,1
DA:20,1
DA:23,1
DA:24,1
DA:25,1
DA:26,1
DA:27,1
LF:21
LH:21
BRDA:1,0,0,1
BRDA:1,0,1,1
BRDA:6,1,0,1
BRDA:6,1,1,1
BRDA:11,2,0,1
BRDA:11,2,1,1
BRDA:23,3,0,1
BRDA:23,3,1,1
BRF:8
BRH:8
end_of_record
TN:
SF:src/types/interaction.type.ts
FNF:0
FNH:0
DA:4,0
DA:10,0
LF:2
LH:0
BRF:0
BRH:0
end_of_record
TN:
SF:src/types/notification.type.ts
FNF:0
FNH:0
DA:4,0
DA:11,0
DA:19,0
LF:3
LH:0
BRF:0
BRH:0
end_of_record
TN:
SF:src/types/pin.type.ts
FNF:0
FNH:0
DA:5,0
DA:14,0
DA:21,0
DA:30,0
DA:59,0
DA:62,0
DA:69,0
DA:82,0
DA:93,0
LF:9
LH:0
BRF:0
BRH:0
end_of_record
TN:
SF:src/types/upload.type.ts
FNF:0
FNH:0
DA:3,0
LF:1
LH:0
BRF:0
BRH:0
end_of_record
TN:
SF:src/types/user.type.ts
FNF:0
FNH:0
DA:11,1
DA:18,1
LF:2
LH:2
BRF:0
BRH:0
end_of_record
TN:
SF:src/utils/error.util.ts
FN:7,(anonymous_0)
FN:21,(anonymous_1)
FN:27,(anonymous_2)
FN:33,(anonymous_3)
FN:39,(anonymous_4)
FN:45,(anonymous_5)
FN:51,(anonymous_6)
FN:67,(anonymous_7)
FN:78,(anonymous_8)
FNF:9
FNH:0
FNDA:0,(anonymous_0)
FNDA:0,(anonymous_1)
FNDA:0,(anonymous_2)
FNDA:0,(anonymous_3)
FNDA:0,(anonymous_4)
FNDA:0,(anonymous_5)
FNDA:0,(anonymous_6)
FNDA:0,(anonymous_7)
FNDA:0,(anonymous_8)
DA:12,0
DA:13,0
DA:14,0
DA:16,0
DA:22,0
DA:28,0
DA:34,0
DA:40,0
DA:46,0
DA:51,1
DA:52,0
DA:61,0
DA:63,0
DA:67,1
DA:68,0
DA:69,0
DA:72,0
DA:73,0
DA:77,0
DA:78,0
DA:79,0
DA:82,0
DA:83,0
DA:86,0
DA:87,0
DA:88,0
DA:92,0
DA:93,0
LF:28
LH:2
BRDA:9,0,0,0
BRDA:10,1,0,0
BRDA:27,2,0,0
BRDA:33,3,0,0
BRDA:39,4,0,0
BRDA:45,5,0,0
BRDA:61,6,0,0
BRDA:61,6,1,0
BRDA:68,7,0,0
BRDA:72,8,0,0
BRDA:77,9,0,0
BRDA:82,10,0,0
BRDA:86,11,0,0
BRF:13
BRH:0
end_of_record
TN:
SF:src/utils/jwt-token-util.ts
FN:8,(anonymous_0)
FN:15,(anonymous_1)
FN:22,(anonymous_2)
FNF:3
FNH:0
FNDA:0,(anonymous_0)
FNDA:0,(anonymous_1)
FNDA:0,(anonymous_2)
DA:5,1
DA:6,1
DA:7,1
DA:8,1
DA:9,0
DA:10,0
DA:12,0
DA:15,1
DA:16,0
DA:17,0
DA:19,0
DA:22,1
DA:23,0
LF:13
LH:6
BRDA:6,0,0,1
BRDA:6,0,1,0
BRDA:9,1,0,0
BRDA:16,2,0,0
BRF:4
BRH:1
end_of_record
TN:
SF:src/utils/response.util.ts
FN:36,(anonymous_0)
FN:44,(anonymous_1)
FN:57,(anonymous_2)
FN:65,(anonymous_3)
FN:73,(anonymous_4)
FN:81,(anonymous_5)
FN:88,(anonymous_6)
FN:95,(anonymous_7)
FN:102,(anonymous_8)
FN:109,(anonymous_9)
FN:116,(anonymous_10)
FNF:11
FNH:0
FNDA:0,(anonymous_0)
FNDA:0,(anonymous_1)
FNDA:0,(anonymous_2)
FNDA:0,(anonymous_3)
FNDA:0,(anonymous_4)
FNDA:0,(anonymous_5)
FNDA:0,(anonymous_6)
FNDA:0,(anonymous_7)
FNDA:0,(anonymous_8)
FNDA:0,(anonymous_9)
FNDA:0,(anonymous_10)
DA:37,0
DA:49,0
DA:58,0
DA:66,0
DA:74,0
DA:82,0
DA:89,0
DA:96,0
DA:103,0
DA:110,0
DA:117,0
LF:11
LH:0
BRDA:36,0,0,0
BRDA:47,1,0,0
BRDA:65,2,0,0
BRDA:73,3,0,0
BRDA:81,4,0,0
BRDA:88,5,0,0
BRDA:95,6,0,0
BRDA:102,7,0,0
BRDA:109,8,0,0
BRF:9
BRH:0
end_of_record
